2022-08-15 16:24:33,748 [Worker-4: Loading available Gradle versions] INFO  o.e.b.c.i.u.g.PublishedGradleVersions - Gradle version information cache is up-to-date. Trying to read.
2022-08-15 16:24:50,020 [Worker-3: Importing Maven projects] INFO  o.e.m.c.i.l.LifecycleMappingFactory - Using org.eclipse.m2e.jdt.JarLifecycleMapping lifecycle mapping for MavenProject: com.javalopment.kotlinlab:mainModule:1.0.0 @ /home/erol/dev/ws2/ws_kotlin/KotlinLab/pom.xml.
2022-08-15 16:24:50,670 [Worker-3: Importing Maven projects] INFO  o.e.m.j.i.AbstractJavaProjectConfigurator - Adding source folder /KotlinLab/src/main/kotlin
2022-08-15 16:24:50,670 [Worker-3: Importing Maven projects] INFO  o.e.m.j.i.AbstractJavaProjectConfigurator - Adding resource folder /KotlinLab/src/main/resources
2022-08-15 16:24:50,674 [Worker-3: Importing Maven projects] INFO  o.e.m.j.i.AbstractJavaProjectConfigurator - Adding source folder /KotlinLab/src/test/kotlin
2022-08-15 16:24:50,674 [Worker-3: Importing Maven projects] INFO  o.e.m.j.i.AbstractJavaProjectConfigurator - Adding resource folder /KotlinLab/src/test/resources
2022-08-15 16:24:53,011 [Worker-5: Download sources and javadoc] INFO  o.e.m.c.i.e.AbstractTransferListenerAdapter - Downloaded https://github.com/jitsi/jitsi-maven-repository/raw/master/releases/org/junit/jupiter/junit-jupiter-api/5.6.0/junit-jupiter-api-5.6.0-sources.jar
2022-08-15 16:24:53,598 [Worker-5: Download sources and javadoc] INFO  o.e.m.c.i.e.AbstractTransferListenerAdapter - Downloaded https://github.com/jitsi/jitsi-maven-repository/raw/master/snapshots/org/junit/jupiter/junit-jupiter-api/5.6.0/junit-jupiter-api-5.6.0-sources.jar
2022-08-15 16:24:54,715 [Worker-5: Download sources and javadoc] INFO  o.e.m.c.i.e.AbstractTransferListenerAdapter - Downloaded https://jitpack.io/org/junit/jupiter/junit-jupiter-api/5.6.0/junit-jupiter-api-5.6.0-sources.jar
2022-08-15 16:24:54,891 [Worker-6: Building] INFO  o.e.m.c.i.embedder.EclipseLogger - Using 'UTF-8' encoding to copy filtered resources.
2022-08-15 16:24:54,897 [Worker-6: Building] INFO  o.e.m.c.i.embedder.EclipseLogger - Copying 0 resource
2022-08-15 16:24:54,901 [Worker-6: Building] INFO  o.e.m.c.i.embedder.EclipseLogger - Using 'UTF-8' encoding to copy filtered resources.
2022-08-15 16:24:54,902 [Worker-6: Building] INFO  o.e.m.c.i.embedder.EclipseLogger - Copying 0 resource
2022-08-15 16:24:55,473 [Worker-5: Download sources and javadoc] INFO  o.e.m.c.i.e.AbstractTransferListenerAdapter - Downloading https://repo.maven.apache.org/maven2/org/junit/jupiter/junit-jupiter-api/5.6.0/junit-jupiter-api-5.6.0-sources.jar
2022-08-15 16:24:55,922 [Worker-5: Download sources and javadoc] INFO  o.e.m.c.i.e.AbstractTransferListenerAdapter - Downloaded https://repo.maven.apache.org/maven2/org/junit/jupiter/junit-jupiter-api/5.6.0/junit-jupiter-api-5.6.0-sources.jar
2022-08-15 16:24:55,926 [Worker-5: Download sources and javadoc] INFO  o.e.m.j.internal.DownloadSourcesJob - Downloaded sources for org.junit.jupiter:junit-jupiter-api:5.6.0
2022-08-15 16:24:56,462 [Worker-5: Download sources and javadoc] INFO  o.e.m.c.i.e.AbstractTransferListenerAdapter - Downloaded https://github.com/jitsi/jitsi-maven-repository/raw/master/releases/org/junit/platform/junit-platform-commons/1.6.0/junit-platform-commons-1.6.0-sources.jar
2022-08-15 16:24:57,482 [Worker-5: Download sources and javadoc] INFO  o.e.m.c.i.e.AbstractTransferListenerAdapter - Downloaded https://github.com/jitsi/jitsi-maven-repository/raw/master/snapshots/org/junit/platform/junit-platform-commons/1.6.0/junit-platform-commons-1.6.0-sources.jar
2022-08-15 16:24:57,891 [Worker-5: Download sources and javadoc] INFO  o.e.m.c.i.e.AbstractTransferListenerAdapter - Downloaded https://jitpack.io/org/junit/platform/junit-platform-commons/1.6.0/junit-platform-commons-1.6.0-sources.jar
2022-08-15 16:24:58,134 [Worker-5: Download sources and javadoc] INFO  o.e.m.c.i.e.AbstractTransferListenerAdapter - Downloading https://repo.maven.apache.org/maven2/org/junit/platform/junit-platform-commons/1.6.0/junit-platform-commons-1.6.0-sources.jar
2022-08-15 16:24:58,268 [Worker-5: Download sources and javadoc] INFO  o.e.m.c.i.e.AbstractTransferListenerAdapter - Downloaded https://repo.maven.apache.org/maven2/org/junit/platform/junit-platform-commons/1.6.0/junit-platform-commons-1.6.0-sources.jar
2022-08-15 16:24:58,271 [Worker-5: Download sources and javadoc] INFO  o.e.m.j.internal.DownloadSourcesJob - Downloaded sources for org.junit.platform:junit-platform-commons:1.6.0
2022-08-15 16:24:58,814 [Worker-5: Download sources and javadoc] INFO  o.e.m.c.i.e.AbstractTransferListenerAdapter - Downloaded https://github.com/jitsi/jitsi-maven-repository/raw/master/releases/org/junit/jupiter/junit-jupiter-engine/5.6.0/junit-jupiter-engine-5.6.0-sources.jar
2022-08-15 16:24:59,325 [Worker-5: Download sources and javadoc] INFO  o.e.m.c.i.e.AbstractTransferListenerAdapter - Downloaded https://github.com/jitsi/jitsi-maven-repository/raw/master/snapshots/org/junit/jupiter/junit-jupiter-engine/5.6.0/junit-jupiter-engine-5.6.0-sources.jar
2022-08-15 16:24:59,697 [Worker-5: Download sources and javadoc] INFO  o.e.m.c.i.e.AbstractTransferListenerAdapter - Downloaded https://jitpack.io/org/junit/jupiter/junit-jupiter-engine/5.6.0/junit-jupiter-engine-5.6.0-sources.jar
2022-08-15 16:24:59,946 [Worker-5: Download sources and javadoc] INFO  o.e.m.c.i.e.AbstractTransferListenerAdapter - Downloading https://repo.maven.apache.org/maven2/org/junit/jupiter/junit-jupiter-engine/5.6.0/junit-jupiter-engine-5.6.0-sources.jar
2022-08-15 16:25:00,094 [Worker-5: Download sources and javadoc] INFO  o.e.m.c.i.e.AbstractTransferListenerAdapter - Downloaded https://repo.maven.apache.org/maven2/org/junit/jupiter/junit-jupiter-engine/5.6.0/junit-jupiter-engine-5.6.0-sources.jar
2022-08-15 16:25:00,095 [Worker-5: Download sources and javadoc] INFO  o.e.m.j.internal.DownloadSourcesJob - Downloaded sources for org.junit.jupiter:junit-jupiter-engine:5.6.0
2022-08-15 16:25:00,657 [Worker-5: Download sources and javadoc] INFO  o.e.m.c.i.e.AbstractTransferListenerAdapter - Downloaded https://github.com/jitsi/jitsi-maven-repository/raw/master/releases/org/junit/platform/junit-platform-engine/1.6.0/junit-platform-engine-1.6.0-sources.jar
2022-08-15 16:25:01,580 [Worker-5: Download sources and javadoc] INFO  o.e.m.c.i.e.AbstractTransferListenerAdapter - Downloaded https://github.com/jitsi/jitsi-maven-repository/raw/master/snapshots/org/junit/platform/junit-platform-engine/1.6.0/junit-platform-engine-1.6.0-sources.jar
2022-08-15 16:25:01,953 [Worker-5: Download sources and javadoc] INFO  o.e.m.c.i.e.AbstractTransferListenerAdapter - Downloaded https://jitpack.io/org/junit/platform/junit-platform-engine/1.6.0/junit-platform-engine-1.6.0-sources.jar
2022-08-15 16:25:02,193 [Worker-5: Download sources and javadoc] INFO  o.e.m.c.i.e.AbstractTransferListenerAdapter - Downloading https://repo.maven.apache.org/maven2/org/junit/platform/junit-platform-engine/1.6.0/junit-platform-engine-1.6.0-sources.jar
2022-08-15 16:25:02,350 [Worker-5: Download sources and javadoc] INFO  o.e.m.c.i.e.AbstractTransferListenerAdapter - Downloaded https://repo.maven.apache.org/maven2/org/junit/platform/junit-platform-engine/1.6.0/junit-platform-engine-1.6.0-sources.jar
2022-08-15 16:25:02,353 [Worker-5: Download sources and javadoc] INFO  o.e.m.j.internal.DownloadSourcesJob - Downloaded sources for org.junit.platform:junit-platform-engine:1.6.0
2022-08-15 16:25:02,807 [Worker-5: Download sources and javadoc] INFO  o.e.m.c.i.e.AbstractTransferListenerAdapter - Downloaded https://github.com/jitsi/jitsi-maven-repository/raw/master/releases/org/jitsi/jitsi-metaconfig/c3d8c51747/jitsi-metaconfig-c3d8c51747-sources.jar
2022-08-15 16:25:04,136 [Worker-5: Download sources and javadoc] INFO  o.e.m.c.i.e.AbstractTransferListenerAdapter - Downloaded https://github.com/jitsi/jitsi-maven-repository/raw/master/snapshots/org/jitsi/jitsi-metaconfig/c3d8c51747/jitsi-metaconfig-c3d8c51747-sources.jar
2022-08-15 16:25:07,107 [Worker-5: Download sources and javadoc] INFO  o.e.m.c.i.e.AbstractTransferListenerAdapter - Downloading https://jitpack.io/org/jitsi/jitsi-metaconfig/c3d8c51747/jitsi-metaconfig-c3d8c51747-sources.jar
2022-08-15 16:25:07,411 [Worker-5: Download sources and javadoc] INFO  o.e.m.c.i.e.AbstractTransferListenerAdapter - Downloaded https://jitpack.io/org/jitsi/jitsi-metaconfig/c3d8c51747/jitsi-metaconfig-c3d8c51747-sources.jar
2022-08-15 16:25:07,413 [Worker-5: Download sources and javadoc] INFO  o.e.m.j.internal.DownloadSourcesJob - Downloaded sources for org.jitsi:jitsi-metaconfig:c3d8c51747
2022-08-15 16:25:07,705 [Worker-5: Building] INFO  o.e.m.c.i.embedder.EclipseLogger - Using 'UTF-8' encoding to copy filtered resources.
2022-08-15 16:25:07,707 [Worker-5: Building] INFO  o.e.m.c.i.embedder.EclipseLogger - Copying 0 resource
2022-08-15 16:25:07,709 [Worker-5: Building] INFO  o.e.m.c.i.embedder.EclipseLogger - Using 'UTF-8' encoding to copy filtered resources.
2022-08-15 16:25:07,709 [Worker-5: Building] INFO  o.e.m.c.i.embedder.EclipseLogger - Copying 0 resource
2022-08-15 16:26:15,923 [Worker-3: Launching build] INFO  o.e.m.i.launch.MavenLaunchDelegate - /home/erol/dev/ws2/ws_kotlin/KotlinLab
2022-08-15 16:26:15,945 [Worker-3: Launching build] INFO  o.e.m.i.launch.MavenLaunchDelegate -  mvn -B clean install -Dstyle.color=always -Dstyle.color=always
2022-08-15 16:35:26,765 [Worker-0: Loading available Gradle versions] INFO  o.e.b.c.i.u.g.PublishedGradleVersions - Gradle version information cache is up-to-date. Trying to read.
